2022-08-13 21:08:46 - [32minfo[39m: [32mServer online on port: 3000[39m
2022-08-13 21:09:12 - [32minfo[39m: [32mServer online on port: 3000[39m
2022-08-13 21:09:14 - [32minfo[39m: [32mServer online on port: 3000[39m
2022-08-13 21:09:23 - [32minfo[39m: [32mServer online on port: 3000[39m
2022-08-13 21:09:30 - [32minfo[39m: [32mServer online on port: 3000[39m
2022-08-13 21:09:47 - [32minfo[39m: [32mSuccessful connection to database![39m
2022-08-13 21:09:47 - [32minfo[39m: [32mServer online on port: 3000[39m
2022-08-13 21:09:53 - [32minfo[39m: [32mSuccessful connection to database![39m
2022-08-13 21:09:53 - [32minfo[39m: [32mServer online on port: 3000[39m
2022-08-13 21:09:59 - [32minfo[39m: [32mSuccessful connection to database![39m
2022-08-13 21:09:59 - [32minfo[39m: [32mServer online on port: 3000[39m
2022-08-13 21:10:28 - [32minfo[39m: [32mSuccessful connection to database![39m
2022-08-13 21:10:28 - [32minfo[39m: [32mServer online on port: 3000[39m
2022-08-13 21:10:30 - [32minfo[39m: [32mSuccessful connection to database![39m
2022-08-13 21:10:30 - [32minfo[39m: [32mServer online on port: 3000[39m
2022-08-13 21:11:12 - [32minfo[39m: [32mSuccessful connection to database![39m
2022-08-13 21:11:12 - [32minfo[39m: [32mServer online on port: 3000[39m
2022-08-13 21:11:23 - [32minfo[39m: [32mSuccessful connection to database![39m
2022-08-13 21:11:23 - [32minfo[39m: [32mServer online on port: 3000[39m
2022-08-13 21:11:28 - [32minfo[39m: [32mSuccessful connection to database![39m
2022-08-13 21:11:28 - [32minfo[39m: [32mServer online on port: 3000[39m
2022-08-13 21:11:38 - [32minfo[39m: [32mSuccessful connection to database![39m
2022-08-13 21:11:38 - [32minfo[39m: [32mServer online on port: 3000[39m
2022-08-13 21:11:45 - [32minfo[39m: [32mSuccessful connection to database![39m
2022-08-13 21:11:45 - [32minfo[39m: [32mServer online on port: 3000[39m
2022-08-13 21:11:51 - [31merror[39m: [31mError to connect to database[39m
2022-08-13 21:11:56 - [31merror[39m: [31mError to connect to database[39m
2022-08-13 21:11:59 - [32minfo[39m: [32mSuccessful connection to database![39m
2022-08-13 21:11:59 - [32minfo[39m: [32mServer online on port: 3000[39m
2022-08-13 21:12:47 - [31merror[39m: [31mError to connect to database[39m
2022-08-13 21:12:53 - [31merror[39m: [31mError to connect to database[39m
2022-08-13 21:12:58 - [32minfo[39m: [32mSuccessful connection to database![39m
2022-08-13 21:12:58 - [32minfo[39m: [32mServer online on port: 3000[39m
2022-08-13 21:13:09 - [31merror[39m: [31mError to connect to database[39m
2022-08-13 21:13:35 - [31merror[39m: [31mError to connect to database[39m
2022-08-13 21:13:38 - [32minfo[39m: [32mSuccessful connection to database![39m
2022-08-13 21:13:38 - [32minfo[39m: [32mServer online on port: 3000[39m
2022-08-14 09:21:22 - [32minfo[39m: [32mSuccessful connection to database![39m
2022-08-14 09:21:22 - [32minfo[39m: [32mServer online on port: 3000[39m
2022-08-14 09:21:46 - [32mhttp[39m: [32mGET /api/test 200 15 - 1.952 ms[39m
[32m[39m
2022-08-14 10:20:59 - [32mhttp[39m: [32mGET /api/movie 404 148 - 1.560 ms[39m
[32m[39m
2022-08-14 10:24:42 - [32minfo[39m: [32mSuccessful connection to database![39m
2022-08-14 10:24:42 - [32minfo[39m: [32mServer online on port: 3000[39m
2022-08-14 10:24:48 - [32mhttp[39m: [32mGET /api/test 200 15 - 2.017 ms[39m
[32m[39m
2022-08-14 10:24:55 - [32mhttp[39m: [32mPOST /api/movie 200 18 - 0.638 ms[39m
[32m[39m
2022-08-14 11:33:41 - [32minfo[39m: [32mSuccessful connection to database![39m
2022-08-14 11:33:41 - [32minfo[39m: [32mServer online on port: 3000[39m
2022-08-14 11:33:45 - [32minfo[39m: [32mSuccessful connection to database![39m
2022-08-14 11:33:45 - [32minfo[39m: [32mServer online on port: 3000[39m
2022-08-14 11:33:49 - [32minfo[39m: [32mSuccessful connection to database![39m
2022-08-14 11:33:49 - [32minfo[39m: [32mServer online on port: 3000[39m
2022-08-14 11:35:10 - [32minfo[39m: [32mSuccessful connection to database![39m
2022-08-14 11:35:10 - [32minfo[39m: [32mServer online on port: 3000[39m
2022-08-14 11:35:28 - [32minfo[39m: [32mSuccessful connection to database![39m
2022-08-14 11:35:28 - [32minfo[39m: [32mServer online on port: 3000[39m
2022-08-14 11:35:33 - [32minfo[39m: [32mSuccessful connection to database![39m
2022-08-14 11:35:33 - [32minfo[39m: [32mServer online on port: 3000[39m
2022-08-14 11:35:38 - [32minfo[39m: [32mSuccessful connection to database![39m
2022-08-14 11:35:38 - [32minfo[39m: [32mServer online on port: 3000[39m
2022-08-14 11:35:41 - [32minfo[39m: [32mSuccessful connection to database![39m
2022-08-14 11:35:41 - [32minfo[39m: [32mServer online on port: 3000[39m
2022-08-14 11:35:44 - [32minfo[39m: [32mSuccessful connection to database![39m
2022-08-14 11:35:44 - [32minfo[39m: [32mServer online on port: 3000[39m
2022-08-14 11:35:47 - [32minfo[39m: [32mSuccessful connection to database![39m
2022-08-14 11:35:47 - [32minfo[39m: [32mServer online on port: 3000[39m
2022-08-14 11:35:54 - [32minfo[39m: [32mSuccessful connection to database![39m
2022-08-14 11:35:54 - [32minfo[39m: [32mServer online on port: 3000[39m
2022-08-14 11:43:11 - [32minfo[39m: [32mSuccessful connection to database![39m
2022-08-14 11:43:11 - [32minfo[39m: [32mServer online on port: 3000[39m
2022-08-14 11:43:13 - [32minfo[39m: [32mSuccessful connection to database![39m
2022-08-14 11:43:13 - [32minfo[39m: [32mServer online on port: 3000[39m
2022-08-14 11:43:21 - [32minfo[39m: [32mSuccessful connection to database![39m
2022-08-14 11:43:21 - [32minfo[39m: [32mServer online on port: 3000[39m
2022-08-14 11:43:33 - [32minfo[39m: [32mSuccessful connection to database![39m
2022-08-14 11:43:33 - [32minfo[39m: [32mServer online on port: 3000[39m
2022-08-14 11:43:37 - [32minfo[39m: [32mSuccessful connection to database![39m
2022-08-14 11:43:37 - [32minfo[39m: [32mServer online on port: 3000[39m
2022-08-14 11:43:40 - [32minfo[39m: [32mSuccessful connection to database![39m
2022-08-14 11:43:40 - [32minfo[39m: [32mServer online on port: 3000[39m
2022-08-14 11:43:42 - [32minfo[39m: [32mSuccessful connection to database![39m
2022-08-14 11:43:42 - [32minfo[39m: [32mServer online on port: 3000[39m
2022-08-14 11:43:48 - [32minfo[39m: [32mSuccessful connection to database![39m
2022-08-14 11:43:48 - [32minfo[39m: [32mServer online on port: 3000[39m
2022-08-14 11:43:52 - [32minfo[39m: [32mSuccessful connection to database![39m
2022-08-14 11:43:52 - [32minfo[39m: [32mServer online on port: 3000[39m
2022-08-14 11:43:58 - [32minfo[39m: [32mSuccessful connection to database![39m
2022-08-14 11:43:58 - [32minfo[39m: [32mServer online on port: 3000[39m
2022-08-14 11:47:03 - [32mhttp[39m: [32mPOST /api/movie 201 187 - 95.859 ms[39m
[32m[39m
2022-08-14 20:22:27 - [32minfo[39m: [32mSuccessful connection to database![39m
2022-08-14 20:22:27 - [32minfo[39m: [32mServer online on port: 3000[39m
2022-08-14 20:56:53 - [32minfo[39m: [32mSuccessful connection to database![39m
2022-08-14 20:56:53 - [32minfo[39m: [32mServer online on port: 3000[39m
2022-08-14 20:57:44 - [32minfo[39m: [32mSuccessful connection to database![39m
2022-08-14 20:57:44 - [32minfo[39m: [32mServer online on port: 3000[39m
2022-08-14 20:57:46 - [32minfo[39m: [32mSuccessful connection to database![39m
2022-08-14 20:57:46 - [32minfo[39m: [32mServer online on port: 3000[39m
2022-08-14 20:59:12 - [32mhttp[39m: [32mPOST /api/movie 201 187 - 94.262 ms[39m
[32m[39m
2022-08-14 21:00:28 - [32mhttp[39m: [32mPOST /api/movie 201 187 - 78.732 ms[39m
[32m[39m
2022-08-15 20:11:19 - [32minfo[39m: [32mSuccessful connection to database![39m
2022-08-15 20:11:19 - [32minfo[39m: [32mServer online on port: 3000[39m
2022-08-15 20:11:26 - [32mhttp[39m: [32mPOST /api/movie 422 46 - 4.921 ms[39m
[32m[39m
2022-08-15 20:26:24 - [32minfo[39m: [32mSuccessful connection to database![39m
2022-08-15 20:26:24 - [32minfo[39m: [32mServer online on port: 3000[39m
2022-08-15 20:26:32 - [32minfo[39m: [32mSuccessful connection to database![39m
2022-08-15 20:26:32 - [32minfo[39m: [32mServer online on port: 3000[39m
2022-08-15 20:26:37 - [32minfo[39m: [32mSuccessful connection to database![39m
2022-08-15 20:26:37 - [32minfo[39m: [32mServer online on port: 3000[39m
2022-08-15 20:26:54 - [32minfo[39m: [32mSuccessful connection to database![39m
2022-08-15 20:26:54 - [32minfo[39m: [32mServer online on port: 3000[39m
2022-08-15 20:26:57 - [32minfo[39m: [32mSuccessful connection to database![39m
2022-08-15 20:26:57 - [32minfo[39m: [32mServer online on port: 3000[39m
2022-08-15 20:27:04 - [32minfo[39m: [32mSuccessful connection to database![39m
2022-08-15 20:27:04 - [32minfo[39m: [32mServer online on port: 3000[39m
2022-08-15 20:31:43 - [32minfo[39m: [32mSuccessful connection to database![39m
2022-08-15 20:31:43 - [32minfo[39m: [32mServer online on port: 3000[39m
2022-08-15 20:31:45 - [32minfo[39m: [32mSuccessful connection to database![39m
2022-08-15 20:31:45 - [32minfo[39m: [32mServer online on port: 3000[39m
2022-08-15 20:32:11 - [32minfo[39m: [32mSuccessful connection to database![39m
2022-08-15 20:32:11 - [32minfo[39m: [32mServer online on port: 3000[39m
2022-08-15 20:32:18 - [32minfo[39m: [32mSuccessful connection to database![39m
2022-08-15 20:32:18 - [32minfo[39m: [32mServer online on port: 3000[39m
2022-08-15 20:32:33 - [32minfo[39m: [32mSuccessful connection to database![39m
2022-08-15 20:32:33 - [32minfo[39m: [32mServer online on port: 3000[39m
2022-08-15 20:32:41 - [32minfo[39m: [32mSuccessful connection to database![39m
2022-08-15 20:32:41 - [32minfo[39m: [32mServer online on port: 3000[39m
2022-08-15 20:32:51 - [32minfo[39m: [32mSuccessful connection to database![39m
2022-08-15 20:32:51 - [32minfo[39m: [32mServer online on port: 3000[39m
2022-08-15 20:32:53 - [32minfo[39m: [32mSuccessful connection to database![39m
2022-08-15 20:32:53 - [32minfo[39m: [32mServer online on port: 3000[39m
2022-08-15 20:32:58 - [32minfo[39m: [32mSuccessful connection to database![39m
2022-08-15 20:32:58 - [32minfo[39m: [32mServer online on port: 3000[39m
2022-08-15 20:33:16 - [32minfo[39m: [32mSuccessful connection to database![39m
2022-08-15 20:33:16 - [32minfo[39m: [32mServer online on port: 3000[39m
2022-08-15 20:33:21 - [32minfo[39m: [32mSuccessful connection to database![39m
2022-08-15 20:33:21 - [32minfo[39m: [32mServer online on port: 3000[39m
2022-08-15 20:33:26 - [32minfo[39m: [32mSuccessful connection to database![39m
2022-08-15 20:33:26 - [32minfo[39m: [32mServer online on port: 3000[39m
2022-08-15 20:33:28 - [32minfo[39m: [32mSuccessful connection to database![39m
2022-08-15 20:33:28 - [32minfo[39m: [32mServer online on port: 3000[39m
2022-08-15 20:34:10 - [32mhttp[39m: [32mPOST /api/movie 422 62 - 5.827 ms[39m
[32m[39m
2022-08-15 20:34:44 - [32mhttp[39m: [32mPOST /api/movie 422 53 - 1.109 ms[39m
[32m[39m
2022-08-15 20:39:39 - [32minfo[39m: [32mSuccessful connection to database![39m
2022-08-15 20:39:39 - [32minfo[39m: [32mServer online on port: 3000[39m
2022-08-15 20:39:42 - [32minfo[39m: [32mSuccessful connection to database![39m
2022-08-15 20:39:42 - [32minfo[39m: [32mServer online on port: 3000[39m
2022-08-15 20:39:46 - [32minfo[39m: [32mSuccessful connection to database![39m
2022-08-15 20:39:46 - [32minfo[39m: [32mServer online on port: 3000[39m
2022-08-15 20:39:50 - [32minfo[39m: [32mSuccessful connection to database![39m
2022-08-15 20:39:50 - [32minfo[39m: [32mServer online on port: 3000[39m
2022-08-15 20:39:53 - [32minfo[39m: [32mSuccessful connection to database![39m
2022-08-15 20:39:53 - [32minfo[39m: [32mServer online on port: 3000[39m
2022-08-15 20:40:02 - [32minfo[39m: [32mSuccessful connection to database![39m
2022-08-15 20:40:02 - [32minfo[39m: [32mServer online on port: 3000[39m
2022-08-15 20:40:04 - [32minfo[39m: [32mSuccessful connection to database![39m
2022-08-15 20:40:04 - [32minfo[39m: [32mServer online on port: 3000[39m
2022-08-15 20:40:18 - [32minfo[39m: [32mSuccessful connection to database![39m
2022-08-15 20:40:18 - [32minfo[39m: [32mServer online on port: 3000[39m
2022-08-15 20:40:19 - [32minfo[39m: [32mSuccessful connection to database![39m
2022-08-15 20:40:19 - [32minfo[39m: [32mServer online on port: 3000[39m
2022-08-15 20:40:30 - [32minfo[39m: [32mSuccessful connection to database![39m
2022-08-15 20:40:30 - [32minfo[39m: [32mServer online on port: 3000[39m
2022-08-15 20:40:51 - [32minfo[39m: [32mSuccessful connection to database![39m
2022-08-15 20:40:51 - [32minfo[39m: [32mServer online on port: 3000[39m
2022-08-15 20:41:55 - [32minfo[39m: [32mSuccessful connection to database![39m
2022-08-15 20:41:55 - [32minfo[39m: [32mServer online on port: 3000[39m
2022-08-15 20:42:14 - [32minfo[39m: [32mSuccessful connection to database![39m
2022-08-15 20:42:14 - [32minfo[39m: [32mServer online on port: 3000[39m
2022-08-15 20:42:20 - [32minfo[39m: [32mSuccessful connection to database![39m
2022-08-15 20:42:20 - [32minfo[39m: [32mServer online on port: 3000[39m
2022-08-15 20:42:21 - [32minfo[39m: [32mSuccessful connection to database![39m
2022-08-15 20:42:21 - [32minfo[39m: [32mServer online on port: 3000[39m
2022-08-15 20:42:25 - [32mhttp[39m: [32mPOST /api/movie 422 184 - 5.956 ms[39m
[32m[39m
2022-08-15 20:47:06 - [32mhttp[39m: [32mPOST /api/movie 201 803 - 93.742 ms[39m
[32m[39m
2022-08-15 20:47:43 - [32minfo[39m: [32mSuccessful connection to database![39m
2022-08-15 20:47:43 - [32minfo[39m: [32mServer online on port: 3000[39m
2022-08-16 11:00:35 - [31merror[39m: [31mError to connect to database[39m
2022-08-16 11:02:36 - [32minfo[39m: [32mSuccessful connection to database![39m
2022-08-16 11:02:36 - [32minfo[39m: [32mServer online on port: 3000[39m
2022-08-16 11:07:12 - [32minfo[39m: [32mSuccessful connection to database![39m
2022-08-16 11:07:12 - [32minfo[39m: [32mServer online on port: 3000[39m
2022-08-16 11:07:31 - [32minfo[39m: [32mSuccessful connection to database![39m
2022-08-16 11:07:31 - [32minfo[39m: [32mServer online on port: 3000[39m
2022-08-16 11:07:36 - [32minfo[39m: [32mSuccessful connection to database![39m
2022-08-16 11:07:36 - [32minfo[39m: [32mServer online on port: 3000[39m
2022-08-16 11:07:39 - [32minfo[39m: [32mSuccessful connection to database![39m
2022-08-16 11:07:39 - [32minfo[39m: [32mServer online on port: 3000[39m
2022-08-16 11:07:41 - [32minfo[39m: [32mSuccessful connection to database![39m
2022-08-16 11:07:41 - [32minfo[39m: [32mServer online on port: 3000[39m
2022-08-16 11:07:46 - [32minfo[39m: [32mSuccessful connection to database![39m
2022-08-16 11:07:46 - [32minfo[39m: [32mServer online on port: 3000[39m
2022-08-16 11:07:52 - [32minfo[39m: [32mSuccessful connection to database![39m
2022-08-16 11:07:52 - [32minfo[39m: [32mServer online on port: 3000[39m
2022-08-16 11:08:00 - [32minfo[39m: [32mSuccessful connection to database![39m
2022-08-16 11:08:00 - [32minfo[39m: [32mServer online on port: 3000[39m
2022-08-16 11:08:14 - [32minfo[39m: [32mSuccessful connection to database![39m
2022-08-16 11:08:14 - [32minfo[39m: [32mServer online on port: 3000[39m
2022-08-16 11:08:21 - [32minfo[39m: [32mSuccessful connection to database![39m
2022-08-16 11:08:21 - [32minfo[39m: [32mServer online on port: 3000[39m
2022-08-16 11:08:47 - [32minfo[39m: [32mSuccessful connection to database![39m
2022-08-16 11:08:47 - [32minfo[39m: [32mServer online on port: 3000[39m
2022-08-16 11:08:50 - [32minfo[39m: [32mSuccessful connection to database![39m
2022-08-16 11:08:50 - [32minfo[39m: [32mServer online on port: 3000[39m
2022-08-16 11:09:05 - [32minfo[39m: [32mSuccessful connection to database![39m
2022-08-16 11:09:05 - [32minfo[39m: [32mServer online on port: 3000[39m
2022-08-16 11:09:07 - [32minfo[39m: [32mSuccessful connection to database![39m
2022-08-16 11:09:07 - [32minfo[39m: [32mServer online on port: 3000[39m
2022-08-16 11:09:10 - [32minfo[39m: [32mSuccessful connection to database![39m
2022-08-16 11:09:10 - [32minfo[39m: [32mServer online on port: 3000[39m
2022-08-16 11:09:13 - [32minfo[39m: [32mSuccessful connection to database![39m
2022-08-16 11:09:13 - [32minfo[39m: [32mServer online on port: 3000[39m
2022-08-16 11:09:22 - [32minfo[39m: [32mSuccessful connection to database![39m
2022-08-16 11:09:22 - [32minfo[39m: [32mServer online on port: 3000[39m
2022-08-16 11:09:35 - [32minfo[39m: [32mSuccessful connection to database![39m
2022-08-16 11:09:35 - [32minfo[39m: [32mServer online on port: 3000[39m
2022-08-16 11:09:40 - [32minfo[39m: [32mSuccessful connection to database![39m
2022-08-16 11:09:40 - [32minfo[39m: [32mServer online on port: 3000[39m
2022-08-16 11:09:43 - [32minfo[39m: [32mSuccessful connection to database![39m
2022-08-16 11:09:43 - [32minfo[39m: [32mServer online on port: 3000[39m
2022-08-16 11:09:47 - [32minfo[39m: [32mSuccessful connection to database![39m
2022-08-16 11:09:47 - [32minfo[39m: [32mServer online on port: 3000[39m
2022-08-16 11:10:07 - [32minfo[39m: [32mSuccessful connection to database![39m
2022-08-16 11:10:07 - [32minfo[39m: [32mServer online on port: 3000[39m
2022-08-16 11:12:44 - [32minfo[39m: [32mSuccessful connection to database![39m
2022-08-16 11:12:44 - [32minfo[39m: [32mServer online on port: 3000[39m
2022-08-16 11:12:49 - [32minfo[39m: [32mSuccessful connection to database![39m
2022-08-16 11:12:49 - [32minfo[39m: [32mServer online on port: 3000[39m
2022-08-16 11:12:56 - [32minfo[39m: [32mSuccessful connection to database![39m
2022-08-16 11:12:56 - [32minfo[39m: [32mServer online on port: 3000[39m
2022-08-16 11:16:08 - [32minfo[39m: [32mSuccessful connection to database![39m
2022-08-16 11:16:08 - [32minfo[39m: [32mServer online on port: 3000[39m
2022-08-16 11:16:12 - [32minfo[39m: [32mSuccessful connection to database![39m
2022-08-16 11:16:12 - [32minfo[39m: [32mServer online on port: 3000[39m
2022-08-16 11:17:49 - [32mhttp[39m: [32mGET /api/movie/62fadafa09b4e60565a195b7 200 803 - 88.001 ms[39m
[32m[39m
